{"/Users/abednego/Documents/Github/javascript-playground/server/transform-script.js": {"path":"/Users/abednego/Documents/Github/javascript-playground/server/transform-script.js","statementMap":{"0":{"start":{"line":2,"column":22},"end":{"line":2,"column":44}},"1":{"start":{"line":3,"column":17},"end":{"line":3,"column":51}},"2":{"start":{"line":4,"column":10},"end":{"line":4,"column":33}},"3":{"start":{"line":5,"column":17},"end":{"line":5,"column":52}},"4":{"start":{"line":6,"column":17},"end":{"line":6,"column":51}},"5":{"start":{"line":8,"column":26},"end":{"line":8,"column":43}},"6":{"start":{"line":9,"column":26},"end":{"line":9,"column":50}},"7":{"start":{"line":12,"column":14},"end":{"line":12,"column":31}},"8":{"start":{"line":14,"column":2},"end":{"line":84,"column":4}},"9":{"start":{"line":16,"column":33},"end":{"line":16,"column":37}},"10":{"start":{"line":18,"column":31},"end":{"line":21,"column":7}},"11":{"start":{"line":22,"column":31},"end":{"line":26,"column":7}},"12":{"start":{"line":27,"column":30},"end":{"line":27,"column":69}},"13":{"start":{"line":28,"column":30},"end":{"line":28,"column":88}},"14":{"start":{"line":29,"column":6},"end":{"line":29,"column":35}},"15":{"start":{"line":30,"column":6},"end":{"line":30,"column":32}},"16":{"start":{"line":33,"column":23},"end":{"line":33,"column":27}},"17":{"start":{"line":36,"column":8},"end":{"line":40,"column":9}},"18":{"start":{"line":43,"column":6},"end":{"line":82,"column":7}},"19":{"start":{"line":44,"column":21},"end":{"line":44,"column":23}},"20":{"start":{"line":45,"column":21},"end":{"line":45,"column":23}},"21":{"start":{"line":47,"column":8},"end":{"line":68,"column":10}},"22":{"start":{"line":48,"column":10},"end":{"line":67,"column":11}},"23":{"start":{"line":49,"column":12},"end":{"line":53,"column":13}},"24":{"start":{"line":50,"column":14},"end":{"line":50,"column":41}},"25":{"start":{"line":52,"column":14},"end":{"line":52,"column":34}},"26":{"start":{"line":54,"column":17},"end":{"line":67,"column":11}},"27":{"start":{"line":55,"column":12},"end":{"line":55,"column":31}},"28":{"start":{"line":56,"column":12},"end":{"line":56,"column":31}},"29":{"start":{"line":57,"column":17},"end":{"line":67,"column":11}},"30":{"start":{"line":58,"column":12},"end":{"line":58,"column":46}},"31":{"start":{"line":61,"column":17},"end":{"line":67,"column":11}},"32":{"start":{"line":62,"column":12},"end":{"line":62,"column":59}},"33":{"start":{"line":63,"column":17},"end":{"line":67,"column":11}},"34":{"start":{"line":64,"column":12},"end":{"line":64,"column":60}},"35":{"start":{"line":65,"column":17},"end":{"line":67,"column":11}},"36":{"start":{"line":66,"column":12},"end":{"line":66,"column":60}},"37":{"start":{"line":70,"column":33},"end":{"line":72,"column":10}},"38":{"start":{"line":74,"column":37},"end":{"line":79,"column":10}},"39":{"start":{"line":76,"column":52},"end":{"line":76,"column":72}},"40":{"start":{"line":78,"column":58},"end":{"line":78,"column":75}},"41":{"start":{"line":81,"column":8},"end":{"line":81,"column":46}},"42":{"start":{"line":86,"column":17},"end":{"line":86,"column":30}},"43":{"start":{"line":87,"column":23},"end":{"line":87,"column":67}},"44":{"start":{"line":88,"column":13},"end":{"line":88,"column":39}},"45":{"start":{"line":89,"column":2},"end":{"line":89,"column":13}},"46":{"start":{"line":102,"column":0},"end":{"line":102,"column":32}}},"fnMap":{"0":{"name":"transformScript","decl":{"start":{"line":11,"column":9},"end":{"line":11,"column":24}},"loc":{"start":{"line":11,"column":33},"end":{"line":90,"column":1}},"line":11},"1":{"name":"(anonymous_1)","decl":{"start":{"line":15,"column":4},"end":{"line":15,"column":5}},"loc":{"start":{"line":15,"column":18},"end":{"line":31,"column":5}},"line":15},"2":{"name":"(anonymous_2)","decl":{"start":{"line":32,"column":4},"end":{"line":32,"column":5}},"loc":{"start":{"line":32,"column":25},"end":{"line":83,"column":5}},"line":32},"3":{"name":"isConsoleLog","decl":{"start":{"line":35,"column":15},"end":{"line":35,"column":27}},"loc":{"start":{"line":35,"column":34},"end":{"line":41,"column":7}},"line":35},"4":{"name":"(anonymous_4)","decl":{"start":{"line":47,"column":31},"end":{"line":47,"column":32}},"loc":{"start":{"line":47,"column":40},"end":{"line":68,"column":9}},"line":47},"5":{"name":"(anonymous_5)","decl":{"start":{"line":76,"column":43},"end":{"line":76,"column":44}},"loc":{"start":{"line":76,"column":52},"end":{"line":76,"column":72}},"line":76},"6":{"name":"(anonymous_6)","decl":{"start":{"line":78,"column":49},"end":{"line":78,"column":50}},"loc":{"start":{"line":78,"column":58},"end":{"line":78,"column":75}},"line":78}},"branchMap":{"0":{"loc":{"start":{"line":37,"column":10},"end":{"line":39,"column":63}},"type":"binary-expr","locations":[{"start":{"line":37,"column":10},"end":{"line":37,"column":43}},{"start":{"line":38,"column":10},"end":{"line":38,"column":65}},{"start":{"line":39,"column":10},"end":{"line":39,"column":63}}],"line":37},"1":{"loc":{"start":{"line":43,"column":6},"end":{"line":82,"column":7}},"type":"if","locations":[{"start":{"line":43,"column":6},"end":{"line":82,"column":7}},{"start":{},"end":{}}],"line":43},"2":{"loc":{"start":{"line":48,"column":10},"end":{"line":67,"column":11}},"type":"if","locations":[{"start":{"line":48,"column":10},"end":{"line":67,"column":11}},{"start":{"line":54,"column":17},"end":{"line":67,"column":11}}],"line":48},"3":{"loc":{"start":{"line":49,"column":12},"end":{"line":53,"column":13}},"type":"if","locations":[{"start":{"line":49,"column":12},"end":{"line":53,"column":13}},{"start":{"line":51,"column":19},"end":{"line":53,"column":13}}],"line":49},"4":{"loc":{"start":{"line":54,"column":17},"end":{"line":67,"column":11}},"type":"if","locations":[{"start":{"line":54,"column":17},"end":{"line":67,"column":11}},{"start":{"line":57,"column":17},"end":{"line":67,"column":11}}],"line":54},"5":{"loc":{"start":{"line":57,"column":17},"end":{"line":67,"column":11}},"type":"if","locations":[{"start":{"line":57,"column":17},"end":{"line":67,"column":11}},{"start":{"line":61,"column":17},"end":{"line":67,"column":11}}],"line":57},"6":{"loc":{"start":{"line":61,"column":17},"end":{"line":67,"column":11}},"type":"if","locations":[{"start":{"line":61,"column":17},"end":{"line":67,"column":11}},{"start":{"line":63,"column":17},"end":{"line":67,"column":11}}],"line":61},"7":{"loc":{"start":{"line":63,"column":17},"end":{"line":67,"column":11}},"type":"if","locations":[{"start":{"line":63,"column":17},"end":{"line":67,"column":11}},{"start":{"line":65,"column":17},"end":{"line":67,"column":11}}],"line":63},"8":{"loc":{"start":{"line":65,"column":17},"end":{"line":67,"column":11}},"type":"if","locations":[{"start":{"line":65,"column":17},"end":{"line":67,"column":11}},{"start":{},"end":{}}],"line":65}},"s":{"0":1,"1":1,"2":1,"3":1,"4":1,"5":1,"6":1,"7":1,"8":1,"9":1,"10":1,"11":1,"12":1,"13":1,"14":1,"15":1,"16":4,"17":4,"18":4,"19":1,"20":1,"21":1,"22":1,"23":1,"24":1,"25":0,"26":0,"27":0,"28":0,"29":0,"30":0,"31":0,"32":0,"33":0,"34":0,"35":0,"36":0,"37":1,"38":1,"39":0,"40":0,"41":1,"42":1,"43":1,"44":1,"45":1,"46":1},"f":{"0":1,"1":1,"2":4,"3":4,"4":1,"5":0,"6":0},"b":{"0":[4,2,1],"1":[1,3],"2":[1,0],"3":[1,0],"4":[0,0],"5":[0,0],"6":[0,0],"7":[0,0],"8":[0,0]},"_coverageSchema":"1a1c01bbd47fc00a2c39e90264f33305004495a9","hash":"8791a12544cca50a4bdf8d06a5f98cf989408249"}
}
