TN:
SF:transform-script.js
FN:11,transformScript
FN:15,(anonymous_1)
FN:32,(anonymous_2)
FN:35,isConsoleLog
FN:47,(anonymous_4)
FN:76,(anonymous_5)
FN:78,(anonymous_6)
FNF:7
FNH:5
FNDA:1,transformScript
FNDA:1,(anonymous_1)
FNDA:4,(anonymous_2)
FNDA:4,isConsoleLog
FNDA:1,(anonymous_4)
FNDA:0,(anonymous_5)
FNDA:0,(anonymous_6)
DA:2,1
DA:3,1
DA:4,1
DA:5,1
DA:6,1
DA:8,1
DA:9,1
DA:12,1
DA:14,1
DA:16,1
DA:18,1
DA:22,1
DA:27,1
DA:28,1
DA:29,1
DA:30,1
DA:33,4
DA:36,4
DA:43,4
DA:44,1
DA:45,1
DA:47,1
DA:48,1
DA:49,1
DA:50,1
DA:52,0
DA:54,0
DA:55,0
DA:56,0
DA:57,0
DA:58,0
DA:61,0
DA:62,0
DA:63,0
DA:64,0
DA:65,0
DA:66,0
DA:70,1
DA:74,1
DA:76,0
DA:78,0
DA:81,1
DA:86,1
DA:87,1
DA:88,1
DA:89,1
DA:102,1
LF:47
LH:33
BRDA:37,0,0,4
BRDA:37,0,1,2
BRDA:37,0,2,1
BRDA:43,1,0,1
BRDA:43,1,1,3
BRDA:48,2,0,1
BRDA:48,2,1,0
BRDA:49,3,0,1
BRDA:49,3,1,0
BRDA:54,4,0,0
BRDA:54,4,1,0
BRDA:57,5,0,0
BRDA:57,5,1,0
BRDA:61,6,0,0
BRDA:61,6,1,0
BRDA:63,7,0,0
BRDA:63,7,1,0
BRDA:65,8,0,0
BRDA:65,8,1,0
BRF:19
BRH:7
end_of_record
